<?xml version="1.0" encoding="UTF-8"?>
<!-- Generated by org.testng.reporters.JUnitXMLReporter -->
<testsuite ignored="0" hostname="LAPTOP-0M17UIVA" failures="0" tests="2" name="Command line test" time="39.585" errors="0" timestamp="2024-08-26T16:11:45 IST">
  <testcase classname="testcase.LoginTest" name="verifyLoginWithValidUserNameInvalidPassword" time="11.064"/>
  <testcase classname="testcase.LoginTest" name="verifyLoginWithValidUserNameValidPassword" time="11.048"/>
</testsuite> <!-- Command line test -->
