<?xml version="1.0" encoding="UTF-8"?>
<testng-results ignored="0" total="2" passed="2" failed="0" skipped="0">
  <reporter-output>
  </reporter-output>
  <suite started-at="2024-08-26T16:11:06 IST" name="Command line suite" finished-at="2024-08-26T16:11:45 IST" duration-ms="39585">
    <groups>
    </groups>
    <test started-at="2024-08-26T16:11:06 IST" name="Command line test" finished-at="2024-08-26T16:11:45 IST" duration-ms="39585">
      <class name="testcase.LoginTest">
        <test-method is-config="true" signature="preRequsite()[pri:0, instance:testcase.LoginTest@4206a205]" started-at="2024-08-26T16:11:06 IST" name="preRequsite" finished-at="2024-08-26T16:11:15 IST" duration-ms="9631" status="PASS">
          <reporter-output>
          </reporter-output>
        </test-method> <!-- preRequsite -->
        <test-method signature="verifyLoginWithValidUserNameInvalidPassword()[pri:0, instance:testcase.LoginTest@4206a205]" started-at="2024-08-26T16:11:15 IST" name="verifyLoginWithValidUserNameInvalidPassword" description="Verify login with valid username and invalid password" finished-at="2024-08-26T16:11:26 IST" duration-ms="11064" status="PASS">
          <reporter-output>
          </reporter-output>
        </test-method> <!-- verifyLoginWithValidUserNameInvalidPassword -->
        <test-method is-config="true" signature="tearDown()[pri:0, instance:testcase.LoginTest@4206a205]" started-at="2024-08-26T16:11:26 IST" name="tearDown" finished-at="2024-08-26T16:11:27 IST" duration-ms="151" status="PASS">
          <reporter-output>
          </reporter-output>
        </test-method> <!-- tearDown -->
        <test-method is-config="true" signature="preRequsite()[pri:0, instance:testcase.LoginTest@4206a205]" started-at="2024-08-26T16:11:27 IST" name="preRequsite" finished-at="2024-08-26T16:11:34 IST" duration-ms="7530" status="PASS">
          <reporter-output>
          </reporter-output>
        </test-method> <!-- preRequsite -->
        <test-method signature="verifyLoginWithValidUserNameValidPassword()[pri:0, instance:testcase.LoginTest@4206a205]" started-at="2024-08-26T16:11:34 IST" name="verifyLoginWithValidUserNameValidPassword" description="Verify login with valid username and valid password" finished-at="2024-08-26T16:11:45 IST" duration-ms="11048" status="PASS">
          <reporter-output>
          </reporter-output>
        </test-method> <!-- verifyLoginWithValidUserNameValidPassword -->
        <test-method is-config="true" signature="tearDown()[pri:0, instance:testcase.LoginTest@4206a205]" started-at="2024-08-26T16:11:45 IST" name="tearDown" finished-at="2024-08-26T16:11:45 IST" duration-ms="132" status="PASS">
          <reporter-output>
          </reporter-output>
        </test-method> <!-- tearDown -->
      </class> <!-- testcase.LoginTest -->
    </test> <!-- Command line test -->
  </suite> <!-- Command line suite -->
</testng-results>
